build/app/intermediates/manifest_merge_blame_file/debug/manifest-merger-blame-debug-report.txt
1<?xml version="1.0" encoding="utf-8"?>
2<manifest xmlns:android="http://schemas.android.com/apk/res/android"
3    package="com.mycompany.tutorial"
4    android:versionCode="1"
5    android:versionName="1.0.0" >
6
7    <uses-sdk
8        android:minSdkVersion="21"
9        android:targetSdkVersion="31" />
10    <!--
11         Flutter needs it to communicate with the running application
12         to allow setting breakpoints, to provide hot reload, etc.
13    -->
14    <uses-permission android:name="android.permission.INTERNET" />
14-->src\main\AndroidManifest.xml:4:5-66
14-->src\main\AndroidManifest.xml:4:22-64
15    <uses-permission android:name="android.permission.CAMERA" />
15-->src\main\AndroidManifest.xml:5:5-64
15-->src\main\AndroidManifest.xml:5:22-62
16    <uses-permission android:name="android.permission.ACCESS_NETWORK_STATE" />
16-->src\main\AndroidManifest.xml:6:5-79
16-->src\main\AndroidManifest.xml:6:22-76
17    <uses-permission android:name="android.permission.READ_EXTERNAL_STORAGE" />
17-->src\main\AndroidManifest.xml:7:5-80
17-->src\main\AndroidManifest.xml:7:22-77
18    <uses-permission android:name="android.permission.WRITE_EXTERNAL_STORAGE" />
18-->src\main\AndroidManifest.xml:8:5-81
18-->src\main\AndroidManifest.xml:8:22-78
19
20    <queries>
20-->[:file_picker] AndroidManifest.xml:9:5-15:15
21        <intent>
21-->[:file_picker] AndroidManifest.xml:10:9-14:18
22            <action android:name="android.intent.action.GET_CONTENT" />
22-->[:file_picker] AndroidManifest.xml:11:13-72
22-->[:file_picker] AndroidManifest.xml:11:21-69
23
24            <data android:mimeType="*/*" />
24-->[:file_picker] AndroidManifest.xml:13:13-44
24-->[:file_picker] AndroidManifest.xml:13:19-41
25        </intent>
26    </queries>
27
28    <uses-permission android:name="android.permission.RECEIVE_BOOT_COMPLETED" />
28-->[:flutter_local_notifications] AndroidManifest.xml:7:5-81
28-->[:flutter_local_notifications] AndroidManifest.xml:7:22-78
29    <uses-permission android:name="android.permission.VIBRATE" />
29-->[:flutter_local_notifications] AndroidManifest.xml:8:5-66
29-->[:flutter_local_notifications] AndroidManifest.xml:8:22-63
30    <uses-permission android:name="android.permission.USE_FULL_SCREEN_INTENT" />
30-->[:flutter_local_notifications] AndroidManifest.xml:9:5-81
30-->[:flutter_local_notifications] AndroidManifest.xml:9:22-78
31
32    <permission
32-->[androidx.core:core:1.9.0] AndroidManifest.xml:22:5-24:47
33        android:name="com.mycompany.tutorial.DYNAMIC_RECEIVER_NOT_EXPORTED_PERMISSION"
33-->[androidx.core:core:1.9.0] AndroidManifest.xml:23:9-81
34        android:protectionLevel="signature" />
34-->[androidx.core:core:1.9.0] AndroidManifest.xml:24:9-44
35
36    <uses-permission android:name="com.mycompany.tutorial.DYNAMIC_RECEIVER_NOT_EXPORTED_PERMISSION" />
36-->[androidx.core:core:1.9.0] AndroidManifest.xml:26:5-97
36-->[androidx.core:core:1.9.0] AndroidManifest.xml:26:22-94
37
38    <application
38-->src\main\AndroidManifest.xml:10:5-59:19
39        android:appComponentFactory="androidx.core.app.CoreComponentFactory"
39-->[androidx.core:core:1.9.0] AndroidManifest.xml:28:18-86
40        android:debuggable="true"
41        android:icon="@mipmap/ic_launcher"
41-->src\main\AndroidManifest.xml:13:9-43
42        android:label="tutorial"
42-->src\main\AndroidManifest.xml:11:9-33
43        android:requestLegacyExternalStorage="true" >
43-->src\main\AndroidManifest.xml:14:9-52
44        <receiver
44-->src\main\AndroidManifest.xml:15:10-17:16
45            android:name="com.dexterous.flutterlocalnotifications.ScheduledNotificationBootReceiver"
45-->src\main\AndroidManifest.xml:15:20-108
46            android:exported="true" >
46-->src\main\AndroidManifest.xml:16:15-38
47            <intent-filter>
47-->[:flutter_local_notifications] AndroidManifest.xml:14:13-19:29
48                <action android:name="android.intent.action.BOOT_COMPLETED" />
48-->[:flutter_local_notifications] AndroidManifest.xml:15:17-79
48-->[:flutter_local_notifications] AndroidManifest.xml:15:25-76
49                <action android:name="android.intent.action.MY_PACKAGE_REPLACED" />
49-->[:flutter_local_notifications] AndroidManifest.xml:16:17-84
49-->[:flutter_local_notifications] AndroidManifest.xml:16:25-81
50                <action android:name="android.intent.action.QUICKBOOT_POWERON" />
50-->[:flutter_local_notifications] AndroidManifest.xml:17:17-82
50-->[:flutter_local_notifications] AndroidManifest.xml:17:25-79
51                <action android:name="com.htc.intent.action.QUICKBOOT_POWERON" />
51-->[:flutter_local_notifications] AndroidManifest.xml:18:17-82
51-->[:flutter_local_notifications] AndroidManifest.xml:18:25-79
52            </intent-filter>
53        </receiver>
54
55        <activity
55-->src\main\AndroidManifest.xml:19:9-49:20
56            android:name="com.mycompany.tutorial.MainActivity"
56-->src\main\AndroidManifest.xml:20:13-41
57            android:configChanges="orientation|keyboardHidden|keyboard|screenSize|smallestScreenSize|locale|layoutDirection|fontScale|screenLayout|density|uiMode"
57-->src\main\AndroidManifest.xml:24:13-163
58            android:exported="true"
58-->src\main\AndroidManifest.xml:21:13-36
59            android:hardwareAccelerated="true"
59-->src\main\AndroidManifest.xml:25:13-47
60            android:launchMode="singleTop"
60-->src\main\AndroidManifest.xml:22:13-43
61            android:theme="@style/LaunchTheme"
61-->src\main\AndroidManifest.xml:23:13-47
62            android:windowSoftInputMode="adjustResize" >
62-->src\main\AndroidManifest.xml:26:13-55
63
64            <!--
65                 Specifies an Android theme to apply to this Activity as soon as
66                 the Android process has started. This theme is visible to the user
67                 while the Flutter UI initializes. After that, this theme continues
68                 to determine the Window background behind the Flutter UI.
69            -->
70            <meta-data
70-->src\main\AndroidManifest.xml:31:13-34:17
71                android:name="io.flutter.embedding.android.NormalTheme"
71-->src\main\AndroidManifest.xml:32:15-70
72                android:resource="@style/NormalTheme" />
72-->src\main\AndroidManifest.xml:33:15-52
73            <!--
74                 Displays an Android View that continues showing the launch screen
75                 Drawable until Flutter paints its first frame, then this splash
76                 screen fades out. A splash screen is useful to avoid any visual
77                 gap between the end of Android's launch screen and the painting of
78                 Flutter's first frame.
79            -->
80            <meta-data
80-->src\main\AndroidManifest.xml:40:13-43:17
81                android:name="io.flutter.embedding.android.SplashScreenDrawable"
81-->src\main\AndroidManifest.xml:41:15-79
82                android:resource="@drawable/launch_background" />
82-->src\main\AndroidManifest.xml:42:15-61
83
84            <intent-filter>
84-->src\main\AndroidManifest.xml:44:13-47:29
85                <action android:name="android.intent.action.MAIN" />
85-->src\main\AndroidManifest.xml:45:17-68
85-->src\main\AndroidManifest.xml:45:25-66
86
87                <category android:name="android.intent.category.LAUNCHER" />
87-->src\main\AndroidManifest.xml:46:17-76
87-->src\main\AndroidManifest.xml:46:27-74
88            </intent-filter>
89        </activity>
90
91        <!--
92             Don't delete the meta-data below.
93             This is used by the Flutter tool to generate GeneratedPluginRegistrant.java
94        -->
95        <meta-data
95-->src\main\AndroidManifest.xml:53:9-55:33
96            android:name="flutterEmbedding"
96-->src\main\AndroidManifest.xml:54:13-44
97            android:value="2" />
97-->src\main\AndroidManifest.xml:55:13-30
98
99        <service
99-->[:cloud_firestore] AndroidManifest.xml:8:9-12:19
100            android:name="com.google.firebase.components.ComponentDiscoveryService"
100-->[:cloud_firestore] AndroidManifest.xml:8:18-89
101            android:directBootAware="true"
101-->[com.google.firebase:firebase-common:20.3.2] AndroidManifest.xml:34:13-43
102            android:exported="false" >
102-->[com.google.firebase:firebase-auth:21.2.0] AndroidManifest.xml:68:13-37
103            <meta-data
103-->[:cloud_firestore] AndroidManifest.xml:9:13-11:85
104                android:name="com.google.firebase.components:io.flutter.plugins.firebase.firestore.FlutterFirebaseFirestoreRegistrar"
104-->[:cloud_firestore] AndroidManifest.xml:10:17-134
105                android:value="com.google.firebase.components.ComponentRegistrar" />
105-->[:cloud_firestore] AndroidManifest.xml:11:17-82
106            <meta-data
106-->[:firebase_auth] AndroidManifest.xml:9:13-11:85
107                android:name="com.google.firebase.components:io.flutter.plugins.firebase.auth.FlutterFirebaseAuthRegistrar"
107-->[:firebase_auth] AndroidManifest.xml:10:17-124
108                android:value="com.google.firebase.components.ComponentRegistrar" />
108-->[:firebase_auth] AndroidManifest.xml:11:17-82
109            <meta-data
109-->[:firebase_core] AndroidManifest.xml:9:13-11:85
110                android:name="com.google.firebase.components:io.flutter.plugins.firebase.core.FlutterFirebaseCoreRegistrar"
110-->[:firebase_core] AndroidManifest.xml:10:17-124
111                android:value="com.google.firebase.components.ComponentRegistrar" />
111-->[:firebase_core] AndroidManifest.xml:11:17-82
112            <meta-data
112-->[com.google.firebase:firebase-auth:21.2.0] AndroidManifest.xml:69:13-71:85
113                android:name="com.google.firebase.components:com.google.firebase.auth.FirebaseAuthRegistrar"
113-->[com.google.firebase:firebase-auth:21.2.0] AndroidManifest.xml:70:17-109
114                android:value="com.google.firebase.components.ComponentRegistrar" />
114-->[com.google.firebase:firebase-auth:21.2.0] AndroidManifest.xml:71:17-82
115            <meta-data
115-->[com.google.firebase:firebase-firestore:24.4.5] AndroidManifest.xml:19:13-21:85
116                android:name="com.google.firebase.components:com.google.firebase.firestore.FirestoreRegistrar"
116-->[com.google.firebase:firebase-firestore:24.4.5] AndroidManifest.xml:20:17-111
117                android:value="com.google.firebase.components.ComponentRegistrar" />
117-->[com.google.firebase:firebase-firestore:24.4.5] AndroidManifest.xml:21:17-82
118        </service>
119
120        <provider
120-->[:image_picker_android] AndroidManifest.xml:8:9-16:20
121            android:name="io.flutter.plugins.imagepicker.ImagePickerFileProvider"
121-->[:image_picker_android] AndroidManifest.xml:9:13-82
122            android:authorities="com.mycompany.tutorial.flutter.image_provider"
122-->[:image_picker_android] AndroidManifest.xml:10:13-74
123            android:exported="false"
123-->[:image_picker_android] AndroidManifest.xml:11:13-37
124            android:grantUriPermissions="true" >
124-->[:image_picker_android] AndroidManifest.xml:12:13-47
125            <meta-data
125-->[:image_picker_android] AndroidManifest.xml:13:13-15:75
126                android:name="android.support.FILE_PROVIDER_PATHS"
126-->[:image_picker_android] AndroidManifest.xml:14:17-67
127                android:resource="@xml/flutter_image_picker_file_paths" />
127-->[:image_picker_android] AndroidManifest.xml:15:17-72
128        </provider>
129
130        <activity
130-->[:url_launcher_android] AndroidManifest.xml:8:9-11:74
131            android:name="io.flutter.plugins.urllauncher.WebViewActivity"
131-->[:url_launcher_android] AndroidManifest.xml:9:13-74
132            android:exported="false"
132-->[:url_launcher_android] AndroidManifest.xml:10:13-37
133            android:theme="@android:style/Theme.NoTitleBar.Fullscreen" />
133-->[:url_launcher_android] AndroidManifest.xml:11:13-71
134
135        <receiver android:name="com.dexterous.flutterlocalnotifications.ScheduledNotificationReceiver" />
135-->[:flutter_local_notifications] AndroidManifest.xml:12:9-106
135-->[:flutter_local_notifications] AndroidManifest.xml:12:19-103
136
137        <activity
137-->[com.google.firebase:firebase-auth:21.2.0] AndroidManifest.xml:29:9-46:20
138            android:name="com.google.firebase.auth.internal.GenericIdpActivity"
138-->[com.google.firebase:firebase-auth:21.2.0] AndroidManifest.xml:30:13-80
139            android:excludeFromRecents="true"
139-->[com.google.firebase:firebase-auth:21.2.0] AndroidManifest.xml:31:13-46
140            android:exported="true"
140-->[com.google.firebase:firebase-auth:21.2.0] AndroidManifest.xml:32:13-36
141            android:launchMode="singleTask"
141-->[com.google.firebase:firebase-auth:21.2.0] AndroidManifest.xml:33:13-44
142            android:theme="@android:style/Theme.Translucent.NoTitleBar" >
142-->[com.google.firebase:firebase-auth:21.2.0] AndroidManifest.xml:34:13-72
143            <intent-filter>
143-->[com.google.firebase:firebase-auth:21.2.0] AndroidManifest.xml:35:13-45:29
144                <action android:name="android.intent.action.VIEW" />
144-->[com.google.firebase:firebase-auth:21.2.0] AndroidManifest.xml:36:17-69
144-->[com.google.firebase:firebase-auth:21.2.0] AndroidManifest.xml:36:25-66
145
146                <category android:name="android.intent.category.DEFAULT" />
146-->[com.google.firebase:firebase-auth:21.2.0] AndroidManifest.xml:38:17-76
146-->[com.google.firebase:firebase-auth:21.2.0] AndroidManifest.xml:38:27-73
147                <category android:name="android.intent.category.BROWSABLE" />
147-->[com.google.firebase:firebase-auth:21.2.0] AndroidManifest.xml:39:17-78
147-->[com.google.firebase:firebase-auth:21.2.0] AndroidManifest.xml:39:27-75
148
149                <data
149-->[:file_picker] AndroidManifest.xml:13:13-44
150                    android:host="firebase.auth"
151                    android:path="/"
152                    android:scheme="genericidp" />
153            </intent-filter>
154        </activity>
155        <activity
155-->[com.google.firebase:firebase-auth:21.2.0] AndroidManifest.xml:47:9-64:20
156            android:name="com.google.firebase.auth.internal.RecaptchaActivity"
156-->[com.google.firebase:firebase-auth:21.2.0] AndroidManifest.xml:48:13-79
157            android:excludeFromRecents="true"
157-->[com.google.firebase:firebase-auth:21.2.0] AndroidManifest.xml:49:13-46
158            android:exported="true"
158-->[com.google.firebase:firebase-auth:21.2.0] AndroidManifest.xml:50:13-36
159            android:launchMode="singleTask"
159-->[com.google.firebase:firebase-auth:21.2.0] AndroidManifest.xml:51:13-44
160            android:theme="@android:style/Theme.Translucent.NoTitleBar" >
160-->[com.google.firebase:firebase-auth:21.2.0] AndroidManifest.xml:52:13-72
161            <intent-filter>
161-->[com.google.firebase:firebase-auth:21.2.0] AndroidManifest.xml:53:13-63:29
162                <action android:name="android.intent.action.VIEW" />
162-->[com.google.firebase:firebase-auth:21.2.0] AndroidManifest.xml:36:17-69
162-->[com.google.firebase:firebase-auth:21.2.0] AndroidManifest.xml:36:25-66
163
164                <category android:name="android.intent.category.DEFAULT" />
164-->[com.google.firebase:firebase-auth:21.2.0] AndroidManifest.xml:38:17-76
164-->[com.google.firebase:firebase-auth:21.2.0] AndroidManifest.xml:38:27-73
165                <category android:name="android.intent.category.BROWSABLE" />
165-->[com.google.firebase:firebase-auth:21.2.0] AndroidManifest.xml:39:17-78
165-->[com.google.firebase:firebase-auth:21.2.0] AndroidManifest.xml:39:27-75
166
167                <data
167-->[:file_picker] AndroidManifest.xml:13:13-44
168                    android:host="firebase.auth"
169                    android:path="/"
170                    android:scheme="recaptcha" />
171            </intent-filter>
172        </activity>
173        <activity
173-->[com.google.android.gms:play-services-auth:20.4.1] AndroidManifest.xml:23:9-27:75
174            android:name="com.google.android.gms.auth.api.signin.internal.SignInHubActivity"
174-->[com.google.android.gms:play-services-auth:20.4.1] AndroidManifest.xml:24:13-93
175            android:excludeFromRecents="true"
175-->[com.google.android.gms:play-services-auth:20.4.1] AndroidManifest.xml:25:13-46
176            android:exported="false"
176-->[com.google.android.gms:play-services-auth:20.4.1] AndroidManifest.xml:26:13-37
177            android:theme="@android:style/Theme.Translucent.NoTitleBar" />
177-->[com.google.android.gms:play-services-auth:20.4.1] AndroidManifest.xml:27:13-72
178        <!--
179            Service handling Google Sign-In user revocation. For apps that do not integrate with
180            Google Sign-In, this service will never be started.
181        -->
182        <service
182-->[com.google.android.gms:play-services-auth:20.4.1] AndroidManifest.xml:33:9-37:51
183            android:name="com.google.android.gms.auth.api.signin.RevocationBoundService"
183-->[com.google.android.gms:play-services-auth:20.4.1] AndroidManifest.xml:34:13-89
184            android:exported="true"
184-->[com.google.android.gms:play-services-auth:20.4.1] AndroidManifest.xml:35:13-36
185            android:permission="com.google.android.gms.auth.api.signin.permission.REVOCATION_NOTIFICATION"
185-->[com.google.android.gms:play-services-auth:20.4.1] AndroidManifest.xml:36:13-107
186            android:visibleToInstantApps="true" />
186-->[com.google.android.gms:play-services-auth:20.4.1] AndroidManifest.xml:37:13-48
187
188        <provider
188-->[com.google.firebase:firebase-common:20.3.2] AndroidManifest.xml:25:9-30:39
189            android:name="com.google.firebase.provider.FirebaseInitProvider"
189-->[com.google.firebase:firebase-common:20.3.2] AndroidManifest.xml:26:13-77
190            android:authorities="com.mycompany.tutorial.firebaseinitprovider"
190-->[com.google.firebase:firebase-common:20.3.2] AndroidManifest.xml:27:13-72
191            android:directBootAware="true"
191-->[com.google.firebase:firebase-common:20.3.2] AndroidManifest.xml:28:13-43
192            android:exported="false"
192-->[com.google.firebase:firebase-common:20.3.2] AndroidManifest.xml:29:13-37
193            android:initOrder="100" />
193-->[com.google.firebase:firebase-common:20.3.2] AndroidManifest.xml:30:13-36
194
195        <activity
195-->[com.google.android.gms:play-services-base:18.0.1] AndroidManifest.xml:20:9-22:45
196            android:name="com.google.android.gms.common.api.GoogleApiActivity"
196-->[com.google.android.gms:play-services-base:18.0.1] AndroidManifest.xml:20:19-85
197            android:exported="false"
197-->[com.google.android.gms:play-services-base:18.0.1] AndroidManifest.xml:22:19-43
198            android:theme="@android:style/Theme.Translucent.NoTitleBar" />
198-->[com.google.android.gms:play-services-base:18.0.1] AndroidManifest.xml:21:19-78
199
200        <meta-data
200-->[com.google.android.gms:play-services-basement:18.1.0] AndroidManifest.xml:21:9-23:69
201            android:name="com.google.android.gms.version"
201-->[com.google.android.gms:play-services-basement:18.1.0] AndroidManifest.xml:22:13-58
202            android:value="@integer/google_play_services_version" />
202-->[com.google.android.gms:play-services-basement:18.1.0] AndroidManifest.xml:23:13-66
203
204        <uses-library
204-->[androidx.window:window:1.0.0-beta04] AndroidManifest.xml:25:9-27:40
205            android:name="androidx.window.extensions"
205-->[androidx.window:window:1.0.0-beta04] AndroidManifest.xml:26:13-54
206            android:required="false" />
206-->[androidx.window:window:1.0.0-beta04] AndroidManifest.xml:27:13-37
207        <uses-library
207-->[androidx.window:window:1.0.0-beta04] AndroidManifest.xml:28:9-30:40
208            android:name="androidx.window.sidecar"
208-->[androidx.window:window:1.0.0-beta04] AndroidManifest.xml:29:13-51
209            android:required="false" />
209-->[androidx.window:window:1.0.0-beta04] AndroidManifest.xml:30:13-37
210    </application>
211
212</manifest>